{"/Users/angelpiscola/workspaces/talks/jest-unit-testing/jest.config.js": {"path":"/Users/angelpiscola/workspaces/talks/jest-unit-testing/jest.config.js","statementMap":{"0":{"start":{"line":1,"column":0},"end":{"line":4,"column":2}}},"fnMap":{},"branchMap":{},"s":{"0":0},"f":{},"b":{}}
,"/Users/angelpiscola/workspaces/talks/jest-unit-testing/src/data-json.ts": {"path":"/Users/angelpiscola/workspaces/talks/jest-unit-testing/src/data-json.ts","statementMap":{"0":{"start":{"line":1,"column":0},"end":{"line":4468,"column":1}}},"fnMap":{},"branchMap":{},"s":{"0":1},"f":{},"b":{}}
,"/Users/angelpiscola/workspaces/talks/jest-unit-testing/src/lib.ts": {"path":"/Users/angelpiscola/workspaces/talks/jest-unit-testing/src/lib.ts","statementMap":{"0":{"start":{"line":1,"column":13},"end":{"line":7,"column":2}},"1":{"start":{"line":3,"column":2},"end":{"line":5,"column":3}},"2":{"start":{"line":4,"column":4},"end":{"line":4,"column":27}},"3":{"start":{"line":6,"column":2},"end":{"line":6,"column":16}},"4":{"start":{"line":9,"column":13},"end":{"line":33,"column":2}},"5":{"start":{"line":11,"column":4},"end":{"line":14,"column":6}},"6":{"start":{"line":17,"column":4},"end":{"line":24,"column":5}},"7":{"start":{"line":18,"column":6},"end":{"line":21,"column":8}},"8":{"start":{"line":23,"column":6},"end":{"line":23,"column":45}},"9":{"start":{"line":27,"column":4},"end":{"line":31,"column":6}}},"fnMap":{"0":{"name":"(anonymous_2)","decl":{"start":{"line":1,"column":26},"end":{"line":1,"column":25}},"loc":{"start":{"line":1,"column":29},"end":{"line":7,"column":1}}},"1":{"name":"(anonymous_3)","decl":{"start":{"line":10,"column":9},"end":{"line":10,"column":9}},"loc":{"start":{"line":10,"column":34},"end":{"line":15,"column":3}}},"2":{"name":"(anonymous_4)","decl":{"start":{"line":16,"column":10},"end":{"line":16,"column":10}},"loc":{"start":{"line":16,"column":20},"end":{"line":25,"column":3}}},"3":{"name":"(anonymous_5)","decl":{"start":{"line":26,"column":9},"end":{"line":26,"column":9}},"loc":{"start":{"line":26,"column":34},"end":{"line":32,"column":3}}}},"branchMap":{"0":{"loc":{"start":{"line":17,"column":4},"end":{"line":24,"column":5}},"type":"if","locations":[{"start":{"line":17,"column":4},"end":{"line":24,"column":5}},{"start":{"line":17,"column":4},"end":{"line":24,"column":5}}]}},"s":{"0":2,"1":1,"2":4,"3":1,"4":2,"5":0,"6":0,"7":0,"8":0,"9":1},"f":{"0":1,"1":0,"2":0,"3":1},"b":{"0":[0,0]}}
}
