TN:
SF:/Users/angelpiscola/workspaces/talks/jest-unit-testing/jest.config.js
FNF:0
FNH:0
DA:1,0
LF:1
LH:0
BRF:0
BRH:0
end_of_record
TN:
SF:/Users/angelpiscola/workspaces/talks/jest-unit-testing/src/data-json.ts
FNF:0
FNH:0
DA:1,1
LF:1
LH:1
BRF:0
BRH:0
end_of_record
TN:
SF:/Users/angelpiscola/workspaces/talks/jest-unit-testing/src/lib.ts
FN:1,(anonymous_2)
FN:10,(anonymous_3)
FN:16,(anonymous_4)
FN:26,(anonymous_5)
FNF:4
FNH:2
FNDA:1,(anonymous_2)
FNDA:0,(anonymous_3)
FNDA:0,(anonymous_4)
FNDA:1,(anonymous_5)
DA:1,2
DA:3,1
DA:4,4
DA:6,1
DA:9,2
DA:11,0
DA:17,0
DA:18,0
DA:23,0
DA:27,1
LF:10
LH:6
BRDA:17,0,0,0
BRDA:17,0,1,0
BRF:2
BRH:0
end_of_record
